{"/Users/khushil_sindhwad/full-stack-evaluation/auth-service/database/config/config.js": {"path":"/Users/khushil_sindhwad/full-stack-evaluation/auth-service/database/config/config.js","statementMap":{"0":{"start":{"line":1,"column":0},"end":{"line":26,"column":2}}},"fnMap":{},"branchMap":{},"s":{"0":2},"f":{},"b":{},"_coverageSchema":"1a1c01bbd47fc00a2c39e90264f33305004495a9","hash":"d6a9f53464bd1b936b2828028f23fd6f60389eca"}
,"/Users/khushil_sindhwad/full-stack-evaluation/auth-service/database/models/index.js": {"path":"/Users/khushil_sindhwad/full-stack-evaluation/auth-service/database/models/index.js","statementMap":{"0":{"start":{"line":3,"column":11},"end":{"line":3,"column":24}},"1":{"start":{"line":4,"column":13},"end":{"line":4,"column":28}},"2":{"start":{"line":5,"column":18},"end":{"line":5,"column":38}},"3":{"start":{"line":6,"column":16},"end":{"line":6,"column":34}},"4":{"start":{"line":7,"column":17},"end":{"line":7,"column":42}},"5":{"start":{"line":8,"column":12},"end":{"line":8,"column":49}},"6":{"start":{"line":9,"column":15},"end":{"line":9,"column":63}},"7":{"start":{"line":10,"column":11},"end":{"line":10,"column":13}},"8":{"start":{"line":13,"column":0},"end":{"line":17,"column":1}},"9":{"start":{"line":14,"column":2},"end":{"line":14,"column":74}},"10":{"start":{"line":16,"column":2},"end":{"line":16,"column":87}},"11":{"start":{"line":19,"column":0},"end":{"line":32,"column":5}},"12":{"start":{"line":22,"column":4},"end":{"line":27,"column":6}},"13":{"start":{"line":30,"column":18},"end":{"line":30,"column":85}},"14":{"start":{"line":31,"column":4},"end":{"line":31,"column":27}},"15":{"start":{"line":34,"column":0},"end":{"line":38,"column":3}},"16":{"start":{"line":35,"column":2},"end":{"line":37,"column":3}},"17":{"start":{"line":36,"column":4},"end":{"line":36,"column":32}},"18":{"start":{"line":40,"column":0},"end":{"line":40,"column":25}},"19":{"start":{"line":41,"column":0},"end":{"line":41,"column":25}},"20":{"start":{"line":43,"column":0},"end":{"line":43,"column":20}}},"fnMap":{"0":{"name":"(anonymous_0)","decl":{"start":{"line":21,"column":10},"end":{"line":21,"column":11}},"loc":{"start":{"line":21,"column":18},"end":{"line":28,"column":3}},"line":21},"1":{"name":"(anonymous_1)","decl":{"start":{"line":29,"column":11},"end":{"line":29,"column":12}},"loc":{"start":{"line":29,"column":19},"end":{"line":32,"column":3}},"line":29},"2":{"name":"(anonymous_2)","decl":{"start":{"line":34,"column":24},"end":{"line":34,"column":25}},"loc":{"start":{"line":34,"column":37},"end":{"line":38,"column":1}},"line":34}},"branchMap":{"0":{"loc":{"start":{"line":8,"column":12},"end":{"line":8,"column":49}},"type":"binary-expr","locations":[{"start":{"line":8,"column":12},"end":{"line":8,"column":32}},{"start":{"line":8,"column":36},"end":{"line":8,"column":49}}],"line":8},"1":{"loc":{"start":{"line":13,"column":0},"end":{"line":17,"column":1}},"type":"if","locations":[{"start":{"line":13,"column":0},"end":{"line":17,"column":1}},{"start":{"line":15,"column":7},"end":{"line":17,"column":1}}],"line":13},"2":{"loc":{"start":{"line":23,"column":6},"end":{"line":26,"column":37}},"type":"binary-expr","locations":[{"start":{"line":23,"column":6},"end":{"line":23,"column":29}},{"start":{"line":24,"column":6},"end":{"line":24,"column":23}},{"start":{"line":25,"column":6},"end":{"line":25,"column":30}},{"start":{"line":26,"column":6},"end":{"line":26,"column":37}}],"line":23},"3":{"loc":{"start":{"line":35,"column":2},"end":{"line":37,"column":3}},"type":"if","locations":[{"start":{"line":35,"column":2},"end":{"line":37,"column":3}},{"start":{},"end":{}}],"line":35}},"s":{"0":2,"1":2,"2":2,"3":2,"4":2,"5":2,"6":2,"7":2,"8":2,"9":0,"10":2,"11":2,"12":4,"13":2,"14":2,"15":2,"16":2,"17":2,"18":2,"19":2,"20":2},"f":{"0":4,"1":2,"2":2},"b":{"0":[2,0],"1":[0,2],"2":[4,4,2,2],"3":[2,0]},"_coverageSchema":"1a1c01bbd47fc00a2c39e90264f33305004495a9","hash":"32b28bda70c6ade7ce0846d7d9af539577bd3193"}
,"/Users/khushil_sindhwad/full-stack-evaluation/auth-service/database/models/user.js": {"path":"/Users/khushil_sindhwad/full-stack-evaluation/auth-service/database/models/user.js","statementMap":{"0":{"start":{"line":4,"column":4},"end":{"line":4,"column":24}},"1":{"start":{"line":5,"column":0},"end":{"line":24,"column":2}},"2":{"start":{"line":16,"column":2},"end":{"line":22,"column":5}},"3":{"start":{"line":23,"column":2},"end":{"line":23,"column":14}}},"fnMap":{"0":{"name":"(anonymous_0)","decl":{"start":{"line":5,"column":17},"end":{"line":5,"column":18}},"loc":{"start":{"line":5,"column":43},"end":{"line":24,"column":1}},"line":5},"1":{"name":"(anonymous_1)","decl":{"start":{"line":12,"column":4},"end":{"line":12,"column":5}},"loc":{"start":{"line":12,"column":29},"end":{"line":14,"column":5}},"line":12}},"branchMap":{},"s":{"0":2,"1":2,"2":2,"3":2},"f":{"0":2,"1":2},"b":{},"_coverageSchema":"1a1c01bbd47fc00a2c39e90264f33305004495a9","hash":"17ca3650580d01fb823c25db9f6b615c9f0c4de0"}
,"/Users/khushil_sindhwad/full-stack-evaluation/auth-service/src/controllers/authController.js": {"path":"/Users/khushil_sindhwad/full-stack-evaluation/auth-service/src/controllers/authController.js","statementMap":{"0":{"start":{"line":1,"column":20},"end":{"line":1,"column":54}},"1":{"start":{"line":2,"column":18},"end":{"line":2,"column":53}},"2":{"start":{"line":4,"column":26},"end":{"line":10,"column":1}},"3":{"start":{"line":5,"column":2},"end":{"line":9,"column":3}},"4":{"start":{"line":6,"column":4},"end":{"line":6,"column":65}},"5":{"start":{"line":8,"column":4},"end":{"line":8,"column":68}},"6":{"start":{"line":12,"column":19},"end":{"line":20,"column":1}},"7":{"start":{"line":13,"column":2},"end":{"line":19,"column":3}},"8":{"start":{"line":14,"column":35},"end":{"line":14,"column":47}},"9":{"start":{"line":15,"column":17},"end":{"line":15,"column":65}},"10":{"start":{"line":16,"column":4},"end":{"line":16,"column":70}},"11":{"start":{"line":18,"column":4},"end":{"line":18,"column":39}},"12":{"start":{"line":22,"column":14},"end":{"line":30,"column":1}},"13":{"start":{"line":23,"column":2},"end":{"line":29,"column":3}},"14":{"start":{"line":24,"column":35},"end":{"line":24,"column":47}},"15":{"start":{"line":25,"column":18},"end":{"line":25,"column":61}},"16":{"start":{"line":26,"column":4},"end":{"line":26,"column":71}},"17":{"start":{"line":28,"column":4},"end":{"line":28,"column":39}},"18":{"start":{"line":32,"column":22},"end":{"line":40,"column":1}},"19":{"start":{"line":33,"column":2},"end":{"line":39,"column":3}},"20":{"start":{"line":34,"column":22},"end":{"line":34,"column":34}},"21":{"start":{"line":35,"column":20},"end":{"line":35,"column":58}},"22":{"start":{"line":36,"column":4},"end":{"line":36,"column":76}},"23":{"start":{"line":38,"column":4},"end":{"line":38,"column":39}},"24":{"start":{"line":42,"column":0},"end":{"line":42,"column":54}}},"fnMap":{"0":{"name":"(anonymous_0)","decl":{"start":{"line":4,"column":26},"end":{"line":4,"column":27}},"loc":{"start":{"line":4,"column":47},"end":{"line":10,"column":1}},"line":4},"1":{"name":"(anonymous_1)","decl":{"start":{"line":12,"column":19},"end":{"line":12,"column":20}},"loc":{"start":{"line":12,"column":48},"end":{"line":20,"column":1}},"line":12},"2":{"name":"(anonymous_2)","decl":{"start":{"line":22,"column":14},"end":{"line":22,"column":15}},"loc":{"start":{"line":22,"column":43},"end":{"line":30,"column":1}},"line":22},"3":{"name":"(anonymous_3)","decl":{"start":{"line":32,"column":22},"end":{"line":32,"column":23}},"loc":{"start":{"line":32,"column":51},"end":{"line":40,"column":1}},"line":32}},"branchMap":{"0":{"loc":{"start":{"line":5,"column":2},"end":{"line":9,"column":3}},"type":"if","locations":[{"start":{"line":5,"column":2},"end":{"line":9,"column":3}},{"start":{"line":7,"column":9},"end":{"line":9,"column":3}}],"line":5}},"s":{"0":1,"1":1,"2":1,"3":7,"4":4,"5":3,"6":1,"7":3,"8":3,"9":3,"10":1,"11":2,"12":1,"13":4,"14":4,"15":4,"16":1,"17":3,"18":1,"19":3,"20":3,"21":3,"22":1,"23":2,"24":1},"f":{"0":7,"1":3,"2":4,"3":3},"b":{"0":[4,3]},"_coverageSchema":"1a1c01bbd47fc00a2c39e90264f33305004495a9","hash":"b972c9fcd9b1f82a11049fe04cff12d0effc1734"}
,"/Users/khushil_sindhwad/full-stack-evaluation/auth-service/src/services/authService.js": {"path":"/Users/khushil_sindhwad/full-stack-evaluation/auth-service/src/services/authService.js","statementMap":{"0":{"start":{"line":1,"column":17},"end":{"line":1,"column":48}},"1":{"start":{"line":2,"column":16},"end":{"line":2,"column":42}},"2":{"start":{"line":3,"column":11},"end":{"line":3,"column":43}},"3":{"start":{"line":4,"column":18},"end":{"line":4,"column":53}},"4":{"start":{"line":5,"column":34},"end":{"line":5,"column":54}},"5":{"start":{"line":6,"column":18},"end":{"line":6,"column":52}},"6":{"start":{"line":7,"column":19},"end":{"line":22,"column":1}},"7":{"start":{"line":8,"column":2},"end":{"line":21,"column":3}},"8":{"start":{"line":9,"column":27},"end":{"line":9,"column":72}},"9":{"start":{"line":10,"column":21},"end":{"line":13,"column":6}},"10":{"start":{"line":14,"column":4},"end":{"line":14,"column":40}},"11":{"start":{"line":15,"column":4},"end":{"line":15,"column":20}},"12":{"start":{"line":17,"column":4},"end":{"line":19,"column":5}},"13":{"start":{"line":18,"column":6},"end":{"line":18,"column":58}},"14":{"start":{"line":20,"column":4},"end":{"line":20,"column":54}},"15":{"start":{"line":24,"column":14},"end":{"line":37,"column":1}},"16":{"start":{"line":25,"column":20},"end":{"line":29,"column":4}},"17":{"start":{"line":30,"column":2},"end":{"line":30,"column":67}},"18":{"start":{"line":30,"column":20},"end":{"line":30,"column":65}},"19":{"start":{"line":31,"column":19},"end":{"line":31,"column":39}},"20":{"start":{"line":32,"column":22},"end":{"line":32,"column":80}},"21":{"start":{"line":33,"column":2},"end":{"line":33,"column":67}},"22":{"start":{"line":33,"column":22},"end":{"line":33,"column":65}},"23":{"start":{"line":34,"column":16},"end":{"line":34,"column":50}},"24":{"start":{"line":35,"column":2},"end":{"line":35,"column":42}},"25":{"start":{"line":36,"column":2},"end":{"line":36,"column":15}},"26":{"start":{"line":39,"column":22},"end":{"line":48,"column":1}},"27":{"start":{"line":40,"column":2},"end":{"line":47,"column":3}},"28":{"start":{"line":41,"column":4},"end":{"line":41,"column":41}},"29":{"start":{"line":42,"column":4},"end":{"line":42,"column":39}},"30":{"start":{"line":43,"column":23},"end":{"line":43,"column":55}},"31":{"start":{"line":44,"column":4},"end":{"line":44,"column":22}},"32":{"start":{"line":46,"column":4},"end":{"line":46,"column":46}},"33":{"start":{"line":50,"column":0},"end":{"line":50,"column":54}}},"fnMap":{"0":{"name":"(anonymous_0)","decl":{"start":{"line":7,"column":19},"end":{"line":7,"column":20}},"loc":{"start":{"line":7,"column":49},"end":{"line":22,"column":1}},"line":7},"1":{"name":"(anonymous_1)","decl":{"start":{"line":24,"column":14},"end":{"line":24,"column":15}},"loc":{"start":{"line":24,"column":44},"end":{"line":37,"column":1}},"line":24},"2":{"name":"(anonymous_2)","decl":{"start":{"line":39,"column":22},"end":{"line":39,"column":23}},"loc":{"start":{"line":39,"column":39},"end":{"line":48,"column":1}},"line":39}},"branchMap":{"0":{"loc":{"start":{"line":17,"column":4},"end":{"line":19,"column":5}},"type":"if","locations":[{"start":{"line":17,"column":4},"end":{"line":19,"column":5}},{"start":{},"end":{}}],"line":17},"1":{"loc":{"start":{"line":30,"column":2},"end":{"line":30,"column":67}},"type":"if","locations":[{"start":{"line":30,"column":2},"end":{"line":30,"column":67}},{"start":{},"end":{}}],"line":30},"2":{"loc":{"start":{"line":33,"column":2},"end":{"line":33,"column":67}},"type":"if","locations":[{"start":{"line":33,"column":2},"end":{"line":33,"column":67}},{"start":{},"end":{}}],"line":33}},"s":{"0":2,"1":2,"2":2,"3":2,"4":2,"5":2,"6":2,"7":3,"8":3,"9":3,"10":1,"11":1,"12":2,"13":1,"14":1,"15":2,"16":2,"17":1,"18":0,"19":1,"20":1,"21":1,"22":0,"23":1,"24":1,"25":1,"26":2,"27":2,"28":2,"29":2,"30":2,"31":1,"32":1,"33":2},"f":{"0":3,"1":2,"2":2},"b":{"0":[1,1],"1":[0,1],"2":[0,1]},"_coverageSchema":"1a1c01bbd47fc00a2c39e90264f33305004495a9","hash":"fddf61d1f88047a64fd7d3fdde57d52577f72541"}
,"/Users/khushil_sindhwad/full-stack-evaluation/auth-service/src/util/jwtUtil.js": {"path":"/Users/khushil_sindhwad/full-stack-evaluation/auth-service/src/util/jwtUtil.js","statementMap":{"0":{"start":{"line":1,"column":12},"end":{"line":1,"column":35}},"1":{"start":{"line":2,"column":21},"end":{"line":2,"column":25}},"2":{"start":{"line":3,"column":13},"end":{"line":3,"column":46}},"3":{"start":{"line":5,"column":25},"end":{"line":14,"column":1}},"4":{"start":{"line":6,"column":18},"end":{"line":9,"column":3}},"5":{"start":{"line":10,"column":16},"end":{"line":12,"column":4}},"6":{"start":{"line":13,"column":2},"end":{"line":13,"column":15}},"7":{"start":{"line":16,"column":20},"end":{"line":24,"column":1}},"8":{"start":{"line":17,"column":2},"end":{"line":23,"column":5}},"9":{"start":{"line":18,"column":4},"end":{"line":22,"column":7}},"10":{"start":{"line":19,"column":6},"end":{"line":19,"column":31}},"11":{"start":{"line":19,"column":17},"end":{"line":19,"column":31}},"12":{"start":{"line":20,"column":6},"end":{"line":20,"column":34}},"13":{"start":{"line":20,"column":20},"end":{"line":20,"column":34}},"14":{"start":{"line":21,"column":6},"end":{"line":21,"column":23}},"15":{"start":{"line":26,"column":29},"end":{"line":33,"column":1}},"16":{"start":{"line":27,"column":18},"end":{"line":30,"column":3}},"17":{"start":{"line":31,"column":16},"end":{"line":31,"column":60}},"18":{"start":{"line":32,"column":2},"end":{"line":32,"column":15}},"19":{"start":{"line":35,"column":0},"end":{"line":35,"column":73}}},"fnMap":{"0":{"name":"(anonymous_0)","decl":{"start":{"line":5,"column":25},"end":{"line":5,"column":26}},"loc":{"start":{"line":5,"column":47},"end":{"line":14,"column":1}},"line":5},"1":{"name":"(anonymous_1)","decl":{"start":{"line":16,"column":20},"end":{"line":16,"column":21}},"loc":{"start":{"line":16,"column":31},"end":{"line":24,"column":1}},"line":16},"2":{"name":"(anonymous_2)","decl":{"start":{"line":17,"column":21},"end":{"line":17,"column":22}},"loc":{"start":{"line":17,"column":42},"end":{"line":23,"column":3}},"line":17},"3":{"name":"(anonymous_3)","decl":{"start":{"line":18,"column":28},"end":{"line":18,"column":29}},"loc":{"start":{"line":18,"column":48},"end":{"line":22,"column":5}},"line":18},"4":{"name":"(anonymous_4)","decl":{"start":{"line":26,"column":29},"end":{"line":26,"column":30}},"loc":{"start":{"line":26,"column":37},"end":{"line":33,"column":1}},"line":26}},"branchMap":{"0":{"loc":{"start":{"line":3,"column":13},"end":{"line":3,"column":46}},"type":"binary-expr","locations":[{"start":{"line":3,"column":13},"end":{"line":3,"column":29}},{"start":{"line":3,"column":33},"end":{"line":3,"column":46}}],"line":3},"1":{"loc":{"start":{"line":19,"column":6},"end":{"line":19,"column":31}},"type":"if","locations":[{"start":{"line":19,"column":6},"end":{"line":19,"column":31}},{"start":{},"end":{}}],"line":19},"2":{"loc":{"start":{"line":20,"column":6},"end":{"line":20,"column":34}},"type":"if","locations":[{"start":{"line":20,"column":6},"end":{"line":20,"column":34}},{"start":{},"end":{}}],"line":20}},"s":{"0":3,"1":3,"2":3,"3":3,"4":1,"5":1,"6":1,"7":3,"8":1,"9":1,"10":1,"11":0,"12":1,"13":0,"14":1,"15":3,"16":1,"17":1,"18":1,"19":3},"f":{"0":1,"1":1,"2":1,"3":1,"4":1},"b":{"0":[3,3],"1":[0,1],"2":[0,1]},"_coverageSchema":"1a1c01bbd47fc00a2c39e90264f33305004495a9","hash":"626fa0f9e8180b93dbb3a38d6bdb6cbbc14c6c6b"}
,"/Users/khushil_sindhwad/full-stack-evaluation/auth-service/src/util/passwordUtil.js": {"path":"/Users/khushil_sindhwad/full-stack-evaluation/auth-service/src/util/passwordUtil.js","statementMap":{"0":{"start":{"line":1,"column":15},"end":{"line":1,"column":32}},"1":{"start":{"line":2,"column":20},"end":{"line":2,"column":43}},"2":{"start":{"line":3,"column":29},"end":{"line":10,"column":1}},"3":{"start":{"line":4,"column":2},"end":{"line":9,"column":5}},"4":{"start":{"line":5,"column":4},"end":{"line":8,"column":7}},"5":{"start":{"line":6,"column":6},"end":{"line":6,"column":31}},"6":{"start":{"line":6,"column":17},"end":{"line":6,"column":31}},"7":{"start":{"line":7,"column":6},"end":{"line":7,"column":26}},"8":{"start":{"line":12,"column":23},"end":{"line":19,"column":1}},"9":{"start":{"line":13,"column":2},"end":{"line":18,"column":5}},"10":{"start":{"line":14,"column":4},"end":{"line":17,"column":7}},"11":{"start":{"line":15,"column":6},"end":{"line":15,"column":31}},"12":{"start":{"line":15,"column":17},"end":{"line":15,"column":31}},"13":{"start":{"line":16,"column":6},"end":{"line":16,"column":24}},"14":{"start":{"line":21,"column":0},"end":{"line":21,"column":58}}},"fnMap":{"0":{"name":"(anonymous_0)","decl":{"start":{"line":3,"column":29},"end":{"line":3,"column":30}},"loc":{"start":{"line":3,"column":43},"end":{"line":10,"column":1}},"line":3},"1":{"name":"(anonymous_1)","decl":{"start":{"line":4,"column":21},"end":{"line":4,"column":22}},"loc":{"start":{"line":4,"column":42},"end":{"line":9,"column":3}},"line":4},"2":{"name":"(anonymous_2)","decl":{"start":{"line":5,"column":49},"end":{"line":5,"column":50}},"loc":{"start":{"line":5,"column":72},"end":{"line":8,"column":5}},"line":5},"3":{"name":"(anonymous_3)","decl":{"start":{"line":12,"column":23},"end":{"line":12,"column":24}},"loc":{"start":{"line":12,"column":57},"end":{"line":19,"column":1}},"line":12},"4":{"name":"(anonymous_4)","decl":{"start":{"line":13,"column":21},"end":{"line":13,"column":22}},"loc":{"start":{"line":13,"column":42},"end":{"line":18,"column":3}},"line":13},"5":{"name":"(anonymous_5)","decl":{"start":{"line":14,"column":49},"end":{"line":14,"column":50}},"loc":{"start":{"line":14,"column":70},"end":{"line":17,"column":5}},"line":14}},"branchMap":{"0":{"loc":{"start":{"line":6,"column":6},"end":{"line":6,"column":31}},"type":"if","locations":[{"start":{"line":6,"column":6},"end":{"line":6,"column":31}},{"start":{},"end":{}}],"line":6},"1":{"loc":{"start":{"line":15,"column":6},"end":{"line":15,"column":31}},"type":"if","locations":[{"start":{"line":15,"column":6},"end":{"line":15,"column":31}},{"start":{},"end":{}}],"line":15}},"s":{"0":3,"1":3,"2":3,"3":4,"4":4,"5":4,"6":1,"7":4,"8":3,"9":3,"10":3,"11":3,"12":1,"13":3,"14":3},"f":{"0":4,"1":4,"2":4,"3":3,"4":3,"5":3},"b":{"0":[1,3],"1":[1,2]},"_coverageSchema":"1a1c01bbd47fc00a2c39e90264f33305004495a9","hash":"ae90c21efa2bfd2122f973e6fdc6d72c91d89799"}
,"/Users/khushil_sindhwad/full-stack-evaluation/auth-service/src/util/errors/httpError.js": {"path":"/Users/khushil_sindhwad/full-stack-evaluation/auth-service/src/util/errors/httpError.js","statementMap":{"0":{"start":{"line":3,"column":4},"end":{"line":3,"column":19}},"1":{"start":{"line":4,"column":4},"end":{"line":4,"column":21}},"2":{"start":{"line":8,"column":0},"end":{"line":8,"column":27}}},"fnMap":{"0":{"name":"(anonymous_0)","decl":{"start":{"line":2,"column":2},"end":{"line":2,"column":3}},"loc":{"start":{"line":2,"column":29},"end":{"line":5,"column":3}},"line":2}},"branchMap":{},"s":{"0":9,"1":9,"2":3},"f":{"0":9},"b":{},"_coverageSchema":"1a1c01bbd47fc00a2c39e90264f33305004495a9","hash":"6315ad104a20bb7e10999727e8a29c9eb3b3f88c"}
,"/Users/khushil_sindhwad/full-stack-evaluation/auth-service/src/util/redis/redis.js": {"path":"/Users/khushil_sindhwad/full-stack-evaluation/auth-service/src/util/redis/redis.js","statementMap":{"0":{"start":{"line":1,"column":25},"end":{"line":1,"column":41}},"1":{"start":{"line":3,"column":0},"end":{"line":3,"column":27}},"2":{"start":{"line":9,"column":15},"end":{"line":14,"column":1}},"3":{"start":{"line":15,"column":15},"end":{"line":15,"column":35}},"4":{"start":{"line":17,"column":0},"end":{"line":17,"column":28}}},"fnMap":{},"branchMap":{"0":{"loc":{"start":{"line":11,"column":10},"end":{"line":11,"column":47}},"type":"binary-expr","locations":[{"start":{"line":11,"column":10},"end":{"line":11,"column":32}},{"start":{"line":11,"column":36},"end":{"line":11,"column":47}}],"line":11}},"s":{"0":3,"1":3,"2":3,"3":3,"4":3},"f":{},"b":{"0":[3,0]},"_coverageSchema":"1a1c01bbd47fc00a2c39e90264f33305004495a9","hash":"6edb7fb3b16d1cb4b69daaf54fcc5aa528e1505f"}
,"/Users/khushil_sindhwad/full-stack-evaluation/auth-service/src/util/redis/redisUtil.js": {"path":"/Users/khushil_sindhwad/full-stack-evaluation/auth-service/src/util/redis/redisUtil.js","statementMap":{"0":{"start":{"line":2,"column":18},"end":{"line":2,"column":48}},"1":{"start":{"line":3,"column":19},"end":{"line":3,"column":37}},"2":{"start":{"line":5,"column":25},"end":{"line":7,"column":1}},"3":{"start":{"line":6,"column":2},"end":{"line":6,"column":42}},"4":{"start":{"line":9,"column":20},"end":{"line":13,"column":1}},"5":{"start":{"line":10,"column":15},"end":{"line":10,"column":38}},"6":{"start":{"line":11,"column":2},"end":{"line":11,"column":63}},"7":{"start":{"line":11,"column":21},"end":{"line":11,"column":63}},"8":{"start":{"line":12,"column":2},"end":{"line":12,"column":14}},"9":{"start":{"line":14,"column":0},"end":{"line":14,"column":51}}},"fnMap":{"0":{"name":"(anonymous_0)","decl":{"start":{"line":5,"column":25},"end":{"line":5,"column":26}},"loc":{"start":{"line":5,"column":42},"end":{"line":7,"column":1}},"line":5},"1":{"name":"(anonymous_1)","decl":{"start":{"line":9,"column":20},"end":{"line":9,"column":21}},"loc":{"start":{"line":9,"column":37},"end":{"line":13,"column":1}},"line":9}},"branchMap":{"0":{"loc":{"start":{"line":11,"column":2},"end":{"line":11,"column":63}},"type":"if","locations":[{"start":{"line":11,"column":2},"end":{"line":11,"column":63}},{"start":{},"end":{}}],"line":11}},"s":{"0":3,"1":3,"2":3,"3":1,"4":3,"5":2,"6":2,"7":1,"8":1,"9":3},"f":{"0":1,"1":2},"b":{"0":[1,1]},"_coverageSchema":"1a1c01bbd47fc00a2c39e90264f33305004495a9","hash":"cbc57d2076a55ec6e6516c3bee48a97c3adc25c8"}
}
